0 info it worked if it ends with ok
1 verbose cli [ 'C:\\Program Files\\nodejs\\\\node.exe',
1 verbose cli   'C:\\Program Files\\nodejs\\node_modules\\npm\\bin\\npm-cli.js',
1 verbose cli   'install' ]
2 info using npm@1.3.21
3 info using node@v0.10.24
4 verbose node symlink C:\Program Files\nodejs\\node.exe
5 verbose readDependencies using package.json deps
6 verbose install where, deps [ 'C:\\DEV\\address_book',
6 verbose install   [ 'express',
6 verbose install     'jade',
6 verbose install     'ejs',
6 verbose install     'mongoose',
6 verbose install     'connect-mongo',
6 verbose install     'underscore',
6 verbose install     'passport',
6 verbose install     'passport-local',
6 verbose install     'passport-local-mongoose',
6 verbose install     'bower' ] ]
7 info preinstall address-book-seed@0.0.1
8 verbose readDependencies using package.json deps
9 verbose already installed skipping express@~3.2.6 C:\DEV\address_book
10 verbose already installed skipping jade@~0.31.2 C:\DEV\address_book
11 verbose already installed skipping ejs@>=0.8.5 C:\DEV\address_book
12 verbose cache add [ 'mongoose@latest', null ]
13 verbose cache add name=undefined spec="mongoose@latest" args=["mongoose@latest",null]
14 verbose parsed url { protocol: null,
14 verbose parsed url   slashes: null,
14 verbose parsed url   auth: null,
14 verbose parsed url   host: null,
14 verbose parsed url   port: null,
14 verbose parsed url   hostname: null,
14 verbose parsed url   hash: null,
14 verbose parsed url   search: null,
14 verbose parsed url   query: null,
14 verbose parsed url   pathname: 'mongoose@latest',
14 verbose parsed url   path: 'mongoose@latest',
14 verbose parsed url   href: 'mongoose@latest' }
15 verbose cache add name="mongoose" spec="latest" args=["mongoose","latest"]
16 verbose parsed url { protocol: null,
16 verbose parsed url   slashes: null,
16 verbose parsed url   auth: null,
16 verbose parsed url   host: null,
16 verbose parsed url   port: null,
16 verbose parsed url   hostname: null,
16 verbose parsed url   hash: null,
16 verbose parsed url   search: null,
16 verbose parsed url   query: null,
16 verbose parsed url   pathname: 'latest',
16 verbose parsed url   path: 'latest',
16 verbose parsed url   href: 'latest' }
17 verbose addNamed [ 'mongoose', 'latest' ]
18 verbose addNamed [ null, null ]
19 verbose cache add [ 'connect-mongo@latest', null ]
20 verbose cache add name=undefined spec="connect-mongo@latest" args=["connect-mongo@latest",null]
21 verbose parsed url { protocol: null,
21 verbose parsed url   slashes: null,
21 verbose parsed url   auth: null,
21 verbose parsed url   host: null,
21 verbose parsed url   port: null,
21 verbose parsed url   hostname: null,
21 verbose parsed url   hash: null,
21 verbose parsed url   search: null,
21 verbose parsed url   query: null,
21 verbose parsed url   pathname: 'connect-mongo@latest',
21 verbose parsed url   path: 'connect-mongo@latest',
21 verbose parsed url   href: 'connect-mongo@latest' }
22 verbose cache add name="connect-mongo" spec="latest" args=["connect-mongo","latest"]
23 verbose parsed url { protocol: null,
23 verbose parsed url   slashes: null,
23 verbose parsed url   auth: null,
23 verbose parsed url   host: null,
23 verbose parsed url   port: null,
23 verbose parsed url   hostname: null,
23 verbose parsed url   hash: null,
23 verbose parsed url   search: null,
23 verbose parsed url   query: null,
23 verbose parsed url   pathname: 'latest',
23 verbose parsed url   path: 'latest',
23 verbose parsed url   href: 'latest' }
24 verbose addNamed [ 'connect-mongo', 'latest' ]
25 verbose addNamed [ null, null ]
26 verbose cache add [ 'underscore@latest', null ]
27 verbose cache add name=undefined spec="underscore@latest" args=["underscore@latest",null]
28 verbose parsed url { protocol: null,
28 verbose parsed url   slashes: null,
28 verbose parsed url   auth: null,
28 verbose parsed url   host: null,
28 verbose parsed url   port: null,
28 verbose parsed url   hostname: null,
28 verbose parsed url   hash: null,
28 verbose parsed url   search: null,
28 verbose parsed url   query: null,
28 verbose parsed url   pathname: 'underscore@latest',
28 verbose parsed url   path: 'underscore@latest',
28 verbose parsed url   href: 'underscore@latest' }
29 verbose cache add name="underscore" spec="latest" args=["underscore","latest"]
30 verbose parsed url { protocol: null,
30 verbose parsed url   slashes: null,
30 verbose parsed url   auth: null,
30 verbose parsed url   host: null,
30 verbose parsed url   port: null,
30 verbose parsed url   hostname: null,
30 verbose parsed url   hash: null,
30 verbose parsed url   search: null,
30 verbose parsed url   query: null,
30 verbose parsed url   pathname: 'latest',
30 verbose parsed url   path: 'latest',
30 verbose parsed url   href: 'latest' }
31 verbose addNamed [ 'underscore', 'latest' ]
32 verbose addNamed [ null, null ]
33 silly lockFile 73e949f4-mongoose-latest mongoose@latest
34 verbose lock mongoose@latest C:\Users\Jake\AppData\Roaming\npm-cache\73e949f4-mongoose-latest.lock
35 silly lockFile 02f15c80-connect-mongo-latest connect-mongo@latest
36 verbose lock connect-mongo@latest C:\Users\Jake\AppData\Roaming\npm-cache\02f15c80-connect-mongo-latest.lock
37 silly lockFile 546e1155-underscore-latest underscore@latest
38 verbose lock underscore@latest C:\Users\Jake\AppData\Roaming\npm-cache\546e1155-underscore-latest.lock
39 info addNameTag [ 'mongoose', 'latest' ]
40 info addNameTag [ 'connect-mongo', 'latest' ]
41 info addNameTag [ 'underscore', 'latest' ]
42 verbose url raw connect-mongo
43 verbose url resolving [ 'https://registry.npmjs.org/', './connect-mongo' ]
44 verbose url resolved https://registry.npmjs.org/connect-mongo
45 info trying registry request attempt 1 at 12:31:44
46 verbose etag "EHCP5J80LKMDW29FW0UX7EXDV"
47 http GET https://registry.npmjs.org/connect-mongo
48 verbose cache add [ 'passport@latest', null ]
49 verbose cache add name=undefined spec="passport@latest" args=["passport@latest",null]
50 verbose parsed url { protocol: null,
50 verbose parsed url   slashes: null,
50 verbose parsed url   auth: null,
50 verbose parsed url   host: null,
50 verbose parsed url   port: null,
50 verbose parsed url   hostname: null,
50 verbose parsed url   hash: null,
50 verbose parsed url   search: null,
50 verbose parsed url   query: null,
50 verbose parsed url   pathname: 'passport@latest',
50 verbose parsed url   path: 'passport@latest',
50 verbose parsed url   href: 'passport@latest' }
51 verbose cache add name="passport" spec="latest" args=["passport","latest"]
52 verbose parsed url { protocol: null,
52 verbose parsed url   slashes: null,
52 verbose parsed url   auth: null,
52 verbose parsed url   host: null,
52 verbose parsed url   port: null,
52 verbose parsed url   hostname: null,
52 verbose parsed url   hash: null,
52 verbose parsed url   search: null,
52 verbose parsed url   query: null,
52 verbose parsed url   pathname: 'latest',
52 verbose parsed url   path: 'latest',
52 verbose parsed url   href: 'latest' }
53 verbose addNamed [ 'passport', 'latest' ]
54 verbose addNamed [ null, null ]
55 silly lockFile 771f2547-passport-latest passport@latest
56 verbose lock passport@latest C:\Users\Jake\AppData\Roaming\npm-cache\771f2547-passport-latest.lock
57 verbose cache add [ 'passport-local@latest', null ]
58 verbose cache add name=undefined spec="passport-local@latest" args=["passport-local@latest",null]
59 verbose parsed url { protocol: null,
59 verbose parsed url   slashes: null,
59 verbose parsed url   auth: null,
59 verbose parsed url   host: null,
59 verbose parsed url   port: null,
59 verbose parsed url   hostname: null,
59 verbose parsed url   hash: null,
59 verbose parsed url   search: null,
59 verbose parsed url   query: null,
59 verbose parsed url   pathname: 'passport-local@latest',
59 verbose parsed url   path: 'passport-local@latest',
59 verbose parsed url   href: 'passport-local@latest' }
60 verbose cache add name="passport-local" spec="latest" args=["passport-local","latest"]
61 verbose parsed url { protocol: null,
61 verbose parsed url   slashes: null,
61 verbose parsed url   auth: null,
61 verbose parsed url   host: null,
61 verbose parsed url   port: null,
61 verbose parsed url   hostname: null,
61 verbose parsed url   hash: null,
61 verbose parsed url   search: null,
61 verbose parsed url   query: null,
61 verbose parsed url   pathname: 'latest',
61 verbose parsed url   path: 'latest',
61 verbose parsed url   href: 'latest' }
62 verbose addNamed [ 'passport-local', 'latest' ]
63 verbose addNamed [ null, null ]
64 silly lockFile 00a116b3-passport-local-latest passport-local@latest
65 verbose lock passport-local@latest C:\Users\Jake\AppData\Roaming\npm-cache\00a116b3-passport-local-latest.lock
66 verbose cache add [ 'passport-local-mongoose@latest', null ]
67 verbose cache add name=undefined spec="passport-local-mongoose@latest" args=["passport-local-mongoose@latest",null]
68 verbose parsed url { protocol: null,
68 verbose parsed url   slashes: null,
68 verbose parsed url   auth: null,
68 verbose parsed url   host: null,
68 verbose parsed url   port: null,
68 verbose parsed url   hostname: null,
68 verbose parsed url   hash: null,
68 verbose parsed url   search: null,
68 verbose parsed url   query: null,
68 verbose parsed url   pathname: 'passport-local-mongoose@latest',
68 verbose parsed url   path: 'passport-local-mongoose@latest',
68 verbose parsed url   href: 'passport-local-mongoose@latest' }
69 verbose cache add name="passport-local-mongoose" spec="latest" args=["passport-local-mongoose","latest"]
70 verbose parsed url { protocol: null,
70 verbose parsed url   slashes: null,
70 verbose parsed url   auth: null,
70 verbose parsed url   host: null,
70 verbose parsed url   port: null,
70 verbose parsed url   hostname: null,
70 verbose parsed url   hash: null,
70 verbose parsed url   search: null,
70 verbose parsed url   query: null,
70 verbose parsed url   pathname: 'latest',
70 verbose parsed url   path: 'latest',
70 verbose parsed url   href: 'latest' }
71 verbose addNamed [ 'passport-local-mongoose', 'latest' ]
72 verbose addNamed [ null, null ]
73 silly lockFile 351170b7-passport-local-mongoose-latest passport-local-mongoose@latest
74 verbose lock passport-local-mongoose@latest C:\Users\Jake\AppData\Roaming\npm-cache\351170b7-passport-local-mongoose-latest.lock
75 verbose already installed skipping bower@~1.2.8 C:\DEV\address_book
76 verbose url raw underscore
77 verbose url resolving [ 'https://registry.npmjs.org/', './underscore' ]
78 verbose url resolved https://registry.npmjs.org/underscore
79 info trying registry request attempt 1 at 12:31:44
80 verbose etag "98T3JLVNS2TS5PZ67M2K013MB"
81 http GET https://registry.npmjs.org/underscore
82 verbose url raw mongoose
83 verbose url resolving [ 'https://registry.npmjs.org/', './mongoose' ]
84 verbose url resolved https://registry.npmjs.org/mongoose
85 info trying registry request attempt 1 at 12:31:44
86 verbose etag "BUHYK0XTCACMIXSU0FTKCO9M4"
87 http GET https://registry.npmjs.org/mongoose
88 info addNameTag [ 'passport', 'latest' ]
89 info addNameTag [ 'passport-local', 'latest' ]
90 info addNameTag [ 'passport-local-mongoose', 'latest' ]
91 verbose url raw passport-local
92 verbose url resolving [ 'https://registry.npmjs.org/', './passport-local' ]
93 verbose url resolved https://registry.npmjs.org/passport-local
94 info trying registry request attempt 1 at 12:31:44
95 verbose etag "D3L3Z0OH6ZDJ40UDDU80L2VZJ"
96 http GET https://registry.npmjs.org/passport-local
97 verbose url raw passport
98 verbose url resolving [ 'https://registry.npmjs.org/', './passport' ]
99 verbose url resolved https://registry.npmjs.org/passport
100 info trying registry request attempt 1 at 12:31:44
101 verbose etag "8R6MAELI42ZQ51ECGHVD4NT20"
102 http GET https://registry.npmjs.org/passport
103 verbose url raw passport-local-mongoose
104 verbose url resolving [ 'https://registry.npmjs.org/', './passport-local-mongoose' ]
105 verbose url resolved https://registry.npmjs.org/passport-local-mongoose
106 info trying registry request attempt 1 at 12:31:44
107 verbose etag "4R82S9J2JZARJYBKQXS2BNZLF"
108 http GET https://registry.npmjs.org/passport-local-mongoose
109 http 304 https://registry.npmjs.org/passport
110 silly registry.get cb [ 304,
110 silly registry.get   { date: 'Mon, 13 Jan 2014 19:31:45 GMT',
110 silly registry.get     server: 'Apache',
110 silly registry.get     connection: 'Keep-Alive',
110 silly registry.get     'keep-alive': 'timeout=10, max=50',
110 silly registry.get     etag: '"8R6MAELI42ZQ51ECGHVD4NT20"',
110 silly registry.get     vary: 'Accept' } ]
111 verbose etag passport from cache
112 verbose addNamed [ 'passport', '0.1.18' ]
113 verbose addNamed [ '0.1.18', '0.1.18' ]
114 silly lockFile 8599b435-passport-0-1-18 passport@0.1.18
115 verbose lock passport@0.1.18 C:\Users\Jake\AppData\Roaming\npm-cache\8599b435-passport-0-1-18.lock
116 silly lockFile 8599b435-passport-0-1-18 passport@0.1.18
117 silly lockFile 8599b435-passport-0-1-18 passport@0.1.18
118 silly lockFile 771f2547-passport-latest passport@latest
119 silly lockFile 771f2547-passport-latest passport@latest
120 info already installed passport@0.1.18
121 http 304 https://registry.npmjs.org/underscore
122 silly registry.get cb [ 304,
122 silly registry.get   { date: 'Mon, 13 Jan 2014 19:31:46 GMT',
122 silly registry.get     server: 'Apache',
122 silly registry.get     connection: 'Keep-Alive',
122 silly registry.get     'keep-alive': 'timeout=10, max=50',
122 silly registry.get     etag: '"98T3JLVNS2TS5PZ67M2K013MB"',
122 silly registry.get     vary: 'Accept' } ]
123 verbose etag underscore from cache
124 http 304 https://registry.npmjs.org/passport-local
125 silly registry.get cb [ 304,
125 silly registry.get   { date: 'Mon, 13 Jan 2014 19:31:46 GMT',
125 silly registry.get     server: 'Apache',
125 silly registry.get     connection: 'Keep-Alive',
125 silly registry.get     'keep-alive': 'timeout=10, max=50',
125 silly registry.get     etag: '"D3L3Z0OH6ZDJ40UDDU80L2VZJ"',
125 silly registry.get     vary: 'Accept' } ]
126 verbose etag passport-local from cache
127 verbose addNamed [ 'underscore', '1.5.2' ]
128 verbose addNamed [ '1.5.2', '1.5.2' ]
129 silly lockFile 669f6cbc-underscore-1-5-2 underscore@1.5.2
130 verbose lock underscore@1.5.2 C:\Users\Jake\AppData\Roaming\npm-cache\669f6cbc-underscore-1-5-2.lock
131 silly lockFile 669f6cbc-underscore-1-5-2 underscore@1.5.2
132 silly lockFile 669f6cbc-underscore-1-5-2 underscore@1.5.2
133 silly lockFile 546e1155-underscore-latest underscore@latest
134 silly lockFile 546e1155-underscore-latest underscore@latest
135 info already installed underscore@1.5.2
136 verbose addNamed [ 'passport-local', '0.1.6' ]
137 verbose addNamed [ '0.1.6', '0.1.6' ]
138 silly lockFile 91e070c6-passport-local-0-1-6 passport-local@0.1.6
139 verbose lock passport-local@0.1.6 C:\Users\Jake\AppData\Roaming\npm-cache\91e070c6-passport-local-0-1-6.lock
140 silly lockFile 91e070c6-passport-local-0-1-6 passport-local@0.1.6
141 silly lockFile 91e070c6-passport-local-0-1-6 passport-local@0.1.6
142 silly lockFile 00a116b3-passport-local-latest passport-local@latest
143 silly lockFile 00a116b3-passport-local-latest passport-local@latest
144 info already installed passport-local@0.1.6
145 http 304 https://registry.npmjs.org/connect-mongo
146 silly registry.get cb [ 304,
146 silly registry.get   { date: 'Mon, 13 Jan 2014 19:31:46 GMT',
146 silly registry.get     server: 'Apache',
146 silly registry.get     connection: 'Keep-Alive',
146 silly registry.get     'keep-alive': 'timeout=10, max=50',
146 silly registry.get     etag: '"EHCP5J80LKMDW29FW0UX7EXDV"',
146 silly registry.get     vary: 'Accept' } ]
147 verbose etag connect-mongo from cache
148 verbose addNamed [ 'connect-mongo', '0.4.0' ]
149 verbose addNamed [ '0.4.0', '0.4.0' ]
150 silly lockFile f0074c42-connect-mongo-0-4-0 connect-mongo@0.4.0
151 verbose lock connect-mongo@0.4.0 C:\Users\Jake\AppData\Roaming\npm-cache\f0074c42-connect-mongo-0-4-0.lock
152 silly lockFile f0074c42-connect-mongo-0-4-0 connect-mongo@0.4.0
153 silly lockFile f0074c42-connect-mongo-0-4-0 connect-mongo@0.4.0
154 silly lockFile 02f15c80-connect-mongo-latest connect-mongo@latest
155 silly lockFile 02f15c80-connect-mongo-latest connect-mongo@latest
156 info already installed connect-mongo@0.4.0
157 http 304 https://registry.npmjs.org/passport-local-mongoose
158 silly registry.get cb [ 304,
158 silly registry.get   { date: 'Mon, 13 Jan 2014 19:31:46 GMT',
158 silly registry.get     server: 'Apache',
158 silly registry.get     connection: 'Keep-Alive',
158 silly registry.get     'keep-alive': 'timeout=10, max=49',
158 silly registry.get     etag: '"4R82S9J2JZARJYBKQXS2BNZLF"',
158 silly registry.get     vary: 'Accept' } ]
159 verbose etag passport-local-mongoose from cache
160 verbose addNamed [ 'passport-local-mongoose', '0.2.5' ]
161 verbose addNamed [ '0.2.5', '0.2.5' ]
162 silly lockFile bcd069d6-passport-local-mongoose-0-2-5 passport-local-mongoose@0.2.5
163 verbose lock passport-local-mongoose@0.2.5 C:\Users\Jake\AppData\Roaming\npm-cache\bcd069d6-passport-local-mongoose-0-2-5.lock
164 silly lockFile bcd069d6-passport-local-mongoose-0-2-5 passport-local-mongoose@0.2.5
165 silly lockFile bcd069d6-passport-local-mongoose-0-2-5 passport-local-mongoose@0.2.5
166 silly lockFile 351170b7-passport-local-mongoose-latest passport-local-mongoose@latest
167 silly lockFile 351170b7-passport-local-mongoose-latest passport-local-mongoose@latest
168 info already installed passport-local-mongoose@0.2.5
169 http 304 https://registry.npmjs.org/mongoose
170 silly registry.get cb [ 304,
170 silly registry.get   { date: 'Mon, 13 Jan 2014 19:31:46 GMT',
170 silly registry.get     server: 'Apache',
170 silly registry.get     connection: 'Keep-Alive',
170 silly registry.get     'keep-alive': 'timeout=10, max=50',
170 silly registry.get     etag: '"BUHYK0XTCACMIXSU0FTKCO9M4"',
170 silly registry.get     vary: 'Accept' } ]
171 verbose etag mongoose from cache
172 verbose addNamed [ 'mongoose', '3.8.4' ]
173 verbose addNamed [ '3.8.4', '3.8.4' ]
174 silly lockFile e6bf8575-mongoose-3-8-4 mongoose@3.8.4
175 verbose lock mongoose@3.8.4 C:\Users\Jake\AppData\Roaming\npm-cache\e6bf8575-mongoose-3-8-4.lock
176 silly lockFile e6bf8575-mongoose-3-8-4 mongoose@3.8.4
177 silly lockFile e6bf8575-mongoose-3-8-4 mongoose@3.8.4
178 silly lockFile 73e949f4-mongoose-latest mongoose@latest
179 silly lockFile 73e949f4-mongoose-latest mongoose@latest
180 info already installed mongoose@3.8.4
181 silly resolved []
182 info build C:\DEV\address_book
183 verbose linkStuff [ false, false, false, 'C:\\DEV' ]
184 info linkStuff address-book-seed@0.0.1
185 verbose linkBins address-book-seed@0.0.1
186 verbose linkMans address-book-seed@0.0.1
187 verbose rebuildBundles address-book-seed@0.0.1
188 verbose rebuildBundles [ '.bin',
188 verbose rebuildBundles   'bower',
188 verbose rebuildBundles   'connect-mongo',
188 verbose rebuildBundles   'ejs',
188 verbose rebuildBundles   'express',
188 verbose rebuildBundles   'jade',
188 verbose rebuildBundles   'mongoose',
188 verbose rebuildBundles   'passport',
188 verbose rebuildBundles   'passport-local',
188 verbose rebuildBundles   'passport-local-mongoose',
188 verbose rebuildBundles   'underscore' ]
189 info install address-book-seed@0.0.1
190 info postinstall address-book-seed@0.0.1
191 verbose unsafe-perm in lifecycle true
192 info address-book-seed@0.0.1 Failed to exec postinstall script
193 error address-book-seed@0.0.1 postinstall: `./node_modules/bower/bin/bower install`
193 error Exit status 1
194 error Failed at the address-book-seed@0.0.1 postinstall script.
194 error This is most likely a problem with the address-book-seed package,
194 error not with npm itself.
194 error Tell the author that this fails on your system:
194 error     ./node_modules/bower/bin/bower install
194 error You can get their info via:
194 error     npm owner ls address-book-seed
194 error There is likely additional logging output above.
195 error System Windows_NT 6.2.9200
196 error command "C:\\Program Files\\nodejs\\\\node.exe" "C:\\Program Files\\nodejs\\node_modules\\npm\\bin\\npm-cli.js" "install"
197 error cwd C:\DEV\address_book
198 error node -v v0.10.24
199 error npm -v 1.3.21
200 error code ELIFECYCLE
201 verbose exit [ 1, true ]
